05-May-2021 23:01:38.591 INFO [main] org.apache.catalina.startup.VersionLoggerListener.log Server version name:   Apache Tomcat/9.0.43
05-May-2021 23:01:38.611 INFO [main] org.apache.catalina.startup.VersionLoggerListener.log Server built:          Jan 28 2021 20:25:45 UTC
05-May-2021 23:01:38.611 INFO [main] org.apache.catalina.startup.VersionLoggerListener.log Server version number: 9.0.43.0
05-May-2021 23:01:38.611 INFO [main] org.apache.catalina.startup.VersionLoggerListener.log OS Name:               Windows 10
05-May-2021 23:01:38.611 INFO [main] org.apache.catalina.startup.VersionLoggerListener.log OS Version:            10.0
05-May-2021 23:01:38.611 INFO [main] org.apache.catalina.startup.VersionLoggerListener.log Architecture:          amd64
05-May-2021 23:01:38.611 INFO [main] org.apache.catalina.startup.VersionLoggerListener.log Java Home:             C:\Program Files\Java\jdk1.8.0_281\jre
05-May-2021 23:01:38.611 INFO [main] org.apache.catalina.startup.VersionLoggerListener.log JVM Version:           1.8.0_281-b09
05-May-2021 23:01:38.611 INFO [main] org.apache.catalina.startup.VersionLoggerListener.log JVM Vendor:            Oracle Corporation
05-May-2021 23:01:38.611 INFO [main] org.apache.catalina.startup.VersionLoggerListener.log CATALINA_BASE:         D:\program\apache-tomcat-9.0.43\apache-tomcat-9.0.43
05-May-2021 23:01:38.611 INFO [main] org.apache.catalina.startup.VersionLoggerListener.log CATALINA_HOME:         D:\program\apache-tomcat-9.0.43\apache-tomcat-9.0.43
05-May-2021 23:01:38.622 INFO [main] org.apache.catalina.startup.VersionLoggerListener.log Command line argument: -Djava.util.logging.config.file=D:\program\apache-tomcat-9.0.43\apache-tomcat-9.0.43\conf\logging.properties
05-May-2021 23:01:38.622 INFO [main] org.apache.catalina.startup.VersionLoggerListener.log Command line argument: -Djava.util.logging.manager=org.apache.juli.ClassLoaderLogManager
05-May-2021 23:01:38.622 INFO [main] org.apache.catalina.startup.VersionLoggerListener.log Command line argument: -Dhttp.nonProxyHosts=localhost|127.0.0.1|DESKTOP-67E139F
05-May-2021 23:01:38.622 INFO [main] org.apache.catalina.startup.VersionLoggerListener.log Command line argument: -Djdk.tls.ephemeralDHKeySize=2048
05-May-2021 23:01:38.622 INFO [main] org.apache.catalina.startup.VersionLoggerListener.log Command line argument: -Djava.protocol.handler.pkgs=org.apache.catalina.webresources
05-May-2021 23:01:38.622 INFO [main] org.apache.catalina.startup.VersionLoggerListener.log Command line argument: -Dignore.endorsed.dirs=
05-May-2021 23:01:38.642 INFO [main] org.apache.catalina.startup.VersionLoggerListener.log Command line argument: -Dcatalina.base=D:\program\apache-tomcat-9.0.43\apache-tomcat-9.0.43
05-May-2021 23:01:38.642 INFO [main] org.apache.catalina.startup.VersionLoggerListener.log Command line argument: -Dcatalina.home=D:\program\apache-tomcat-9.0.43\apache-tomcat-9.0.43
05-May-2021 23:01:38.642 INFO [main] org.apache.catalina.startup.VersionLoggerListener.log Command line argument: -Djava.io.tmpdir=D:\program\apache-tomcat-9.0.43\apache-tomcat-9.0.43\temp
05-May-2021 23:01:38.642 INFO [main] org.apache.catalina.core.AprLifecycleListener.lifecycleEvent The Apache Tomcat Native library which allows using OpenSSL was not found on the java.library.path: [C:\Program Files\Java\jdk1.8.0_281\bin;C:\Windows\Sun\Java\bin;C:\Windows\system32;C:\Windows;C:\Program Files (x86)\Common Files\Oracle\Java\javapath;C:\Windows\system32;C:\Windows;C:\Windows\System32\Wbem;C:\Windows\System32\WindowsPowerShell\v1.0\;C:\Windows\System32\OpenSSH\;C:\Program Files\Git\cmd;C:\nodejs\;C:\Program Files\Microsoft SQL Server\Client SDK\ODBC\170\Tools\Binn\;C:\Program Files (x86)\Microsoft SQL Server\150\Tools\Binn\;C:\Program Files\Microsoft SQL Server\150\Tools\Binn\;C:\Program Files\Microsoft SQL Server\150\DTS\Binn\;C:\Program Files (x86)\Microsoft SQL Server\150\DTS\Binn\;C:\Users\Dell Latitude\AppData\Local\Programs\Python\Python38\Scripts\;C:\Users\Dell Latitude\AppData\Local\Programs\Python\Python38\;C:\Users\Dell Latitude\AppData\Local\Microsoft\WindowsApps;C:\Users\Dell Latitude\AppData\Local\Programs\Microsoft VS Code\bin;C:\nodejs;C:\Users\Dell Latitude\AppData\Roaming\npm;C:\Program Files\Azure Data Studio\bin;C:\Android\Sdk\platform-tools;C:\xampp\php;;.]
05-May-2021 23:01:39.316 INFO [main] org.apache.coyote.AbstractProtocol.init Initializing ProtocolHandler ["http-nio-8080"]
05-May-2021 23:01:39.539 INFO [main] org.apache.catalina.startup.Catalina.load Server initialization in [1670] milliseconds
05-May-2021 23:01:39.586 INFO [main] org.apache.catalina.core.StandardService.startInternal Starting service [Catalina]
05-May-2021 23:01:39.586 INFO [main] org.apache.catalina.core.StandardEngine.startInternal Starting Servlet engine: [Apache Tomcat/9.0.43]
05-May-2021 23:01:39.601 INFO [main] org.apache.catalina.startup.HostConfig.deployDirectory Deploying web application directory [D:\program\apache-tomcat-9.0.43\apache-tomcat-9.0.43\webapps\docs]
05-May-2021 23:01:40.089 INFO [main] org.apache.catalina.startup.HostConfig.deployDirectory Deployment of web application directory [D:\program\apache-tomcat-9.0.43\apache-tomcat-9.0.43\webapps\docs] has finished in [488] ms
05-May-2021 23:01:40.099 INFO [main] org.apache.catalina.startup.HostConfig.deployDirectory Deploying web application directory [D:\program\apache-tomcat-9.0.43\apache-tomcat-9.0.43\webapps\examples]
05-May-2021 23:01:40.763 INFO [main] org.apache.catalina.startup.HostConfig.deployDirectory Deployment of web application directory [D:\program\apache-tomcat-9.0.43\apache-tomcat-9.0.43\webapps\examples] has finished in [674] ms
05-May-2021 23:01:40.763 INFO [main] org.apache.catalina.startup.HostConfig.deployDirectory Deploying web application directory [D:\program\apache-tomcat-9.0.43\apache-tomcat-9.0.43\webapps\host-manager]
05-May-2021 23:01:40.810 INFO [main] org.apache.catalina.startup.HostConfig.deployDirectory Deployment of web application directory [D:\program\apache-tomcat-9.0.43\apache-tomcat-9.0.43\webapps\host-manager] has finished in [47] ms
05-May-2021 23:01:40.810 INFO [main] org.apache.catalina.startup.HostConfig.deployDirectory Deploying web application directory [D:\program\apache-tomcat-9.0.43\apache-tomcat-9.0.43\webapps\manager]
05-May-2021 23:01:40.863 INFO [main] org.apache.catalina.startup.HostConfig.deployDirectory Deployment of web application directory [D:\program\apache-tomcat-9.0.43\apache-tomcat-9.0.43\webapps\manager] has finished in [53] ms
05-May-2021 23:01:40.879 INFO [main] org.apache.catalina.startup.HostConfig.deployDirectory Deploying web application directory [D:\program\apache-tomcat-9.0.43\apache-tomcat-9.0.43\webapps\ROOT]
05-May-2021 23:01:40.926 INFO [main] org.apache.catalina.startup.HostConfig.deployDirectory Deployment of web application directory [D:\program\apache-tomcat-9.0.43\apache-tomcat-9.0.43\webapps\ROOT] has finished in [63] ms
05-May-2021 23:01:40.932 INFO [main] org.apache.coyote.AbstractProtocol.start Starting ProtocolHandler ["http-nio-8080"]
05-May-2021 23:01:40.964 INFO [main] org.apache.catalina.startup.Catalina.start Server startup in [1415] milliseconds
05-May-2021 23:01:54.584 WARNING [http-nio-8080-exec-2] org.apache.catalina.realm.LockOutRealm.filterLockedAccounts An attempt was made to authenticate the locked user [root]
05-May-2021 23:01:54.951 WARNING [http-nio-8080-exec-3] org.apache.catalina.realm.LockOutRealm.filterLockedAccounts An attempt was made to authenticate the locked user [root]
05-May-2021 23:01:55.151 WARNING [http-nio-8080-exec-6] org.apache.catalina.realm.LockOutRealm.filterLockedAccounts An attempt was made to authenticate the locked user [root]
05-May-2021 23:01:55.326 WARNING [http-nio-8080-exec-8] org.apache.catalina.realm.LockOutRealm.filterLockedAccounts An attempt was made to authenticate the locked user [root]
05-May-2021 23:01:55.520 WARNING [http-nio-8080-exec-10] org.apache.catalina.realm.LockOutRealm.filterLockedAccounts An attempt was made to authenticate the locked user [root]
05-May-2021 23:01:55.720 WARNING [http-nio-8080-exec-1] org.apache.catalina.realm.LockOutRealm.filterLockedAccounts An attempt was made to authenticate the locked user [root]
05-May-2021 23:01:55.910 WARNING [http-nio-8080-exec-3] org.apache.catalina.realm.LockOutRealm.filterLockedAccounts An attempt was made to authenticate the locked user [root]
05-May-2021 23:01:56.093 WARNING [http-nio-8080-exec-6] org.apache.catalina.realm.LockOutRealm.filterLockedAccounts An attempt was made to authenticate the locked user [root]
05-May-2021 23:01:56.270 WARNING [http-nio-8080-exec-7] org.apache.catalina.realm.LockOutRealm.filterLockedAccounts An attempt was made to authenticate the locked user [root]
05-May-2021 23:01:56.444 WARNING [http-nio-8080-exec-10] org.apache.catalina.realm.LockOutRealm.filterLockedAccounts An attempt was made to authenticate the locked user [root]
05-May-2021 23:01:58.007 WARNING [http-nio-8080-exec-3] org.apache.catalina.realm.LockOutRealm.filterLockedAccounts An attempt was made to authenticate the locked user [root]
05-May-2021 23:01:58.023 WARNING [http-nio-8080-exec-5] org.apache.catalina.realm.LockOutRealm.filterLockedAccounts An attempt was made to authenticate the locked user [root]
05-May-2021 23:02:22.749 WARNING [http-nio-8080-exec-4] org.apache.catalina.realm.LockOutRealm.filterLockedAccounts An attempt was made to authenticate the locked user [root]
05-May-2021 23:02:31.491 WARNING [http-nio-8080-exec-5] org.apache.catalina.realm.LockOutRealm.filterLockedAccounts An attempt was made to authenticate the locked user [root]
05-May-2021 23:02:38.496 WARNING [http-nio-8080-exec-10] org.apache.catalina.realm.LockOutRealm.filterLockedAccounts An attempt was made to authenticate the locked user [root]
05-May-2021 23:02:53.456 WARNING [http-nio-8080-exec-4] org.apache.catalina.realm.LockOutRealm.filterLockedAccounts An attempt was made to authenticate the locked user [root]
05-May-2021 23:11:00.475 INFO [main] org.apache.catalina.core.StandardServer.await A valid shutdown command was received via the shutdown port. Stopping the Server instance.
05-May-2021 23:11:00.475 INFO [main] org.apache.coyote.AbstractProtocol.pause Pausing ProtocolHandler ["http-nio-8080"]
05-May-2021 23:11:00.644 INFO [main] org.apache.catalina.core.StandardService.stopInternal Stopping service [Catalina]
05-May-2021 23:11:00.691 INFO [main] org.apache.coyote.AbstractProtocol.stop Stopping ProtocolHandler ["http-nio-8080"]
05-May-2021 23:11:00.753 INFO [main] org.apache.coyote.AbstractProtocol.destroy Destroying ProtocolHandler ["http-nio-8080"]
